<?xml version="1.0" encoding="utf-8"?><testsuites name="pytest tests"><testsuite name="pytest" errors="0" failures="0" skipped="1" tests="9" time="146.028" timestamp="2026-06-06T10:46:53.910182+00:00" hostname="agent-env-9f8b837b-c7ee-4344-9bda-620a25fb242b"><testcase classname="backend.tests.test_vortex_phase2.TestImageGenerator" name="test_unauth" time="0.181" /><testcase classname="backend.tests.test_vortex_phase2.TestImageGenerator" name="test_generate_one_image_admin" time="12.992" /><testcase classname="backend.tests.test_vortex_phase2.TestImageGenerator" name="test_generate_deducts_credits_for_free_user" time="10.507" /><testcase classname="backend.tests.test_vortex_phase2.TestImageGenerator" name="test_list_images_for_admin" time="0.522" /><testcase classname="backend.tests.test_vortex_phase2.TestImageGenerator" name="test_user_isolation_images" time="0.767" /><testcase classname="backend.tests.test_vortex_phase2.TestWebsiteBuilder" name="test_unauth" time="0.120" /><testcase classname="backend.tests.test_vortex_phase2.TestWebsiteBuilder" name="test_list_websites_for_admin" time="0.154" /><testcase classname="backend.tests.test_vortex_phase2.TestWebsiteBuilder" name="test_credits_deducted_for_free_user" time="120.412"><skipped type="pytest.skip" message="Website generation transient failure (acceptable, see iter1 notes): status 502: The preview environment is not responding. It may be starting up.">/app/backend/tests/test_vortex_phase2.py:186: Website generation transient failure (acceptable, see iter1 notes): status 502: The preview environment is not responding. It may be starting up.</skipped></testcase><testcase classname="backend.tests.test_vortex_phase2.TestWebsiteBuilder" name="test_user_isolation_websites" time="0.288" /></testsuite></testsuites>