<?xml version="1.0" encoding="utf-8"?><testsuites name="pytest tests"><testsuite name="pytest" errors="0" failures="0" skipped="0" tests="23" time="5.424" timestamp="2026-06-06T11:22:46.478157+00:00" hostname="agent-env-9f8b837b-c7ee-4344-9bda-620a25fb242b"><testcase classname="backend.tests.test_Grexo_phase3.TestPaymentSettings" name="test_get_settings_requires_auth" time="0.225" /><testcase classname="backend.tests.test_Grexo_phase3.TestPaymentSettings" name="test_get_settings_shape" time="0.454" /><testcase classname="backend.tests.test_Grexo_phase3.TestPaymentSettings" name="test_non_admin_cannot_update_settings" time="0.107" /><testcase classname="backend.tests.test_Grexo_phase3.TestPaymentSettings" name="test_non_admin_cannot_delete_qr" time="0.143" /><testcase classname="backend.tests.test_Grexo_phase3.TestPaymentSettings" name="test_admin_update_pro_price" time="0.657" /><testcase classname="backend.tests.test_Grexo_phase3.TestPaymentSettings" name="test_admin_upload_and_delete_qr" time="0.439" /><testcase classname="backend.tests.test_Grexo_phase3.TestPaymentSubmission" name="test_submit_requires_auth" time="0.098" /><testcase classname="backend.tests.test_Grexo_phase3.TestPaymentSubmission" name="test_invalid_plan_returns_400" time="0.110" /><testcase classname="backend.tests.test_Grexo_phase3.TestPaymentSubmission" name="test_short_utr_returns_400" time="0.093" /><testcase classname="backend.tests.test_Grexo_phase3.TestPaymentSubmission" name="test_submit_pro_payment_ok" time="0.098" /><testcase classname="backend.tests.test_Grexo_phase3.TestPaymentSubmission" name="test_duplicate_utr_returns_409" time="0.097" /><testcase classname="backend.tests.test_Grexo_phase3.TestPaymentSubmission" name="test_payments_me_only_returns_own" time="0.523" /><testcase classname="backend.tests.test_Grexo_phase3.TestPaymentSubmission" name="test_qr_disabled_blocks_submit" time="0.312" /><testcase classname="backend.tests.test_Grexo_phase3.TestAdminApproveFlow" name="test_non_admin_cannot_list_payments" time="0.096" /><testcase classname="backend.tests.test_Grexo_phase3.TestAdminApproveFlow" name="test_non_admin_cannot_approve" time="0.099" /><testcase classname="backend.tests.test_Grexo_phase3.TestAdminApproveFlow" name="test_admin_list_payments" time="0.096" /><testcase classname="backend.tests.test_Grexo_phase3.TestAdminApproveFlow" name="test_admin_approve_pro_payment" time="0.650" /><testcase classname="backend.tests.test_Grexo_phase3.TestAdminApproveFlow" name="test_admin_reject_pending_payment" time="0.312" /><testcase classname="backend.tests.test_Grexo_phase3.TestAdminApproveFlow" name="test_business_plan_approval_grants_business" time="0.289" /><testcase classname="backend.tests.test_Grexo_phase3.TestAdminViews" name="test_non_admin_subscriptions_403" time="0.112" /><testcase classname="backend.tests.test_Grexo_phase3.TestAdminViews" name="test_non_admin_audit_403" time="0.115" /><testcase classname="backend.tests.test_Grexo_phase3.TestAdminViews" name="test_admin_subscriptions_list" time="0.099" /><testcase classname="backend.tests.test_Grexo_phase3.TestAdminViews" name="test_admin_audit_log_has_entries" time="0.094" /></testsuite></testsuites>